<?xml version="1.0" encoding="UTF-8"?>
<robot generator="Robot 3.2.1 (Python 3.8.3 on win32)" generated="20200811 21:30:53.180" rpa="false">
<suite id="s1" name="Receber-Pedidos" source="C:\roboweek\ninjachef\web\tests\receber-pedidos.robot">
<test id="s1-t1" name="Receber novo pedido">
<kw name="Open Session" library="base" type="setup">
<kw name="Open Browser" library="SeleniumLibrary">
<doc>Opens a new browser instance to the optional ``url``.</doc>
<arguments>
<arg>about:blank</arg>
<arg>chrome</arg>
</arguments>
<msg timestamp="20200811 21:30:53.610" level="INFO">Opening browser 'chrome' to base url 'about:blank'.</msg>
<status status="PASS" starttime="20200811 21:30:53.609" endtime="20200811 21:30:56.808"></status>
</kw>
<status status="PASS" starttime="20200811 21:30:53.607" endtime="20200811 21:30:56.808"></status>
</kw>
<kw name="Dado que 'tony@skate.com' é a minha conta de cozinheiro" library="kws">
<kw name="Set Test Variable" library="BuiltIn">
<doc>Makes a variable available everywhere within the scope of the current test.</doc>
<arguments>
<arg>${email_cozinheiro}</arg>
</arguments>
<msg timestamp="20200811 21:30:56.815" level="INFO">${email_cozinheiro} = tony@skate.com</msg>
<status status="PASS" starttime="20200811 21:30:56.814" endtime="20200811 21:30:56.815"></status>
</kw>
<kw name="Create Dictionary" library="BuiltIn">
<doc>Creates and returns a dictionary based on the given ``items``.</doc>
<arguments>
<arg>Content-Type=application/json</arg>
</arguments>
<assign>
<var>&amp;{headers}</var>
</assign>
<msg timestamp="20200811 21:30:56.816" level="INFO">&amp;{headers} = { Content-Type=application/json }</msg>
<status status="PASS" starttime="20200811 21:30:56.815" endtime="20200811 21:30:56.816"></status>
</kw>
<kw name="Create Dictionary" library="BuiltIn">
<doc>Creates and returns a dictionary based on the given ``items``.</doc>
<arguments>
<arg>email=${email_cozinheiro}</arg>
</arguments>
<assign>
<var>&amp;{payload}</var>
</assign>
<msg timestamp="20200811 21:30:56.817" level="INFO">&amp;{payload} = { email=tony@skate.com }</msg>
<status status="PASS" starttime="20200811 21:30:56.817" endtime="20200811 21:30:56.817"></status>
</kw>
<kw name="Create Session" library="RequestsLibrary">
<doc>Create Session: create a HTTP session to a server</doc>
<arguments>
<arg>api</arg>
<arg>${api_url}</arg>
</arguments>
<msg timestamp="20200811 21:30:56.818" level="INFO">Creating Session using : alias=api, url=http://ninjachef-api-qaninja-io.umbler.net, headers={},                     cookies={}, auth=None, timeout=None, proxies=None, verify=False,                     debug=0 </msg>
<status status="PASS" starttime="20200811 21:30:56.817" endtime="20200811 21:30:56.818"></status>
</kw>
<kw name="Post Request" library="RequestsLibrary">
<doc>Send a POST request on the session object found using the
given `alias`</doc>
<arguments>
<arg>api</arg>
<arg>/sessions</arg>
<arg>data=${payload}</arg>
<arg>headers=${headers}</arg>
</arguments>
<assign>
<var>${resp}</var>
</assign>
<msg timestamp="20200811 21:30:58.470" level="INFO">POST Request : url=http://ninjachef-api-qaninja-io.umbler.net/sessions 
 path_url=/sessions 
 headers={'User-Agent': 'python-requests/2.24.0', 'Accept-Encoding': 'gzip, deflate', 'Accept': '*/*', 'Connection': 'keep-alive', 'Content-Type': 'application/json', 'Content-Length': '27'} 
 body={"email": "tony@skate.com"} 
 </msg>
<msg timestamp="20200811 21:30:58.470" level="INFO">POST Response : url=http://ninjachef-api-qaninja-io.umbler.net/sessions 
 status=200, reason=OK 
 body={"_id":"5f31d3bafbba920016c6bb0e","email":"tony@skate.com","__v":0} 
 </msg>
<msg timestamp="20200811 21:30:58.470" level="INFO">${resp} = &lt;Response [200]&gt;</msg>
<status status="PASS" starttime="20200811 21:30:56.818" endtime="20200811 21:30:58.470"></status>
</kw>
<kw name="Status Should Be" library="RequestsLibrary">
<doc>Fails if response status code is different than the expected.</doc>
<arguments>
<arg>200</arg>
<arg>${resp}</arg>
</arguments>
<status status="PASS" starttime="20200811 21:30:58.471" endtime="20200811 21:30:58.471"></status>
</kw>
<kw name="Convert To String" library="BuiltIn">
<doc>Converts the given item to a Unicode string.</doc>
<arguments>
<arg>${resp.json()['_id']}</arg>
</arguments>
<assign>
<var>${token_cozinheiro}</var>
</assign>
<msg timestamp="20200811 21:30:58.472" level="INFO">${token_cozinheiro} = 5f31d3bafbba920016c6bb0e</msg>
<status status="PASS" starttime="20200811 21:30:58.471" endtime="20200811 21:30:58.472"></status>
</kw>
<kw name="Set Test Variable" library="BuiltIn">
<doc>Makes a variable available everywhere within the scope of the current test.</doc>
<arguments>
<arg>${token_cozinheiro}</arg>
</arguments>
<msg timestamp="20200811 21:30:58.473" level="INFO">${token_cozinheiro} = 5f31d3bafbba920016c6bb0e</msg>
<status status="PASS" starttime="20200811 21:30:58.472" endtime="20200811 21:30:58.473"></status>
</kw>
<status status="PASS" starttime="20200811 21:30:56.813" endtime="20200811 21:30:58.473"></status>
</kw>
<kw name="E 'tony@cliente.com' é o email do meu cliente" library="kws">
<kw name="Set Test Variable" library="BuiltIn">
<doc>Makes a variable available everywhere within the scope of the current test.</doc>
<arguments>
<arg>${email_cliente}</arg>
</arguments>
<msg timestamp="20200811 21:30:58.475" level="INFO">${email_cliente} = tony@cliente.com</msg>
<status status="PASS" starttime="20200811 21:30:58.475" endtime="20200811 21:30:58.475"></status>
</kw>
<kw name="Create Dictionary" library="BuiltIn">
<doc>Creates and returns a dictionary based on the given ``items``.</doc>
<arguments>
<arg>Content-Type=application/json</arg>
</arguments>
<assign>
<var>&amp;{headers}</var>
</assign>
<msg timestamp="20200811 21:30:58.476" level="INFO">&amp;{headers} = { Content-Type=application/json }</msg>
<status status="PASS" starttime="20200811 21:30:58.476" endtime="20200811 21:30:58.476"></status>
</kw>
<kw name="Create Dictionary" library="BuiltIn">
<doc>Creates and returns a dictionary based on the given ``items``.</doc>
<arguments>
<arg>email=${email_cliente}</arg>
</arguments>
<assign>
<var>&amp;{payload}</var>
</assign>
<msg timestamp="20200811 21:30:58.477" level="INFO">&amp;{payload} = { email=tony@cliente.com }</msg>
<status status="PASS" starttime="20200811 21:30:58.476" endtime="20200811 21:30:58.477"></status>
</kw>
<kw name="Create Session" library="RequestsLibrary">
<doc>Create Session: create a HTTP session to a server</doc>
<arguments>
<arg>api</arg>
<arg>${api_url}</arg>
</arguments>
<msg timestamp="20200811 21:30:58.477" level="INFO">Creating Session using : alias=api, url=http://ninjachef-api-qaninja-io.umbler.net, headers={},                     cookies={}, auth=None, timeout=None, proxies=None, verify=False,                     debug=0 </msg>
<status status="PASS" starttime="20200811 21:30:58.477" endtime="20200811 21:30:58.478"></status>
</kw>
<kw name="Post Request" library="RequestsLibrary">
<doc>Send a POST request on the session object found using the
given `alias`</doc>
<arguments>
<arg>api</arg>
<arg>/sessions</arg>
<arg>data=${payload}</arg>
<arg>headers=${headers}</arg>
</arguments>
<assign>
<var>${resp}</var>
</assign>
<msg timestamp="20200811 21:30:58.703" level="INFO">POST Request : url=http://ninjachef-api-qaninja-io.umbler.net/sessions 
 path_url=/sessions 
 headers={'User-Agent': 'python-requests/2.24.0', 'Accept-Encoding': 'gzip, deflate', 'Accept': '*/*', 'Connection': 'keep-alive', 'Content-Type': 'application/json', 'Content-Length': '29'} 
 body={"email": "tony@cliente.com"} 
 </msg>
<msg timestamp="20200811 21:30:58.704" level="INFO">POST Response : url=http://ninjachef-api-qaninja-io.umbler.net/sessions 
 status=200, reason=OK 
 body={"_id":"5f31d51bfbba920016c6bb10","email":"tony@cliente.com","__v":0} 
 </msg>
<msg timestamp="20200811 21:30:58.704" level="INFO">${resp} = &lt;Response [200]&gt;</msg>
<status status="PASS" starttime="20200811 21:30:58.478" endtime="20200811 21:30:58.704"></status>
</kw>
<kw name="Status Should Be" library="RequestsLibrary">
<doc>Fails if response status code is different than the expected.</doc>
<arguments>
<arg>200</arg>
<arg>${resp}</arg>
</arguments>
<status status="PASS" starttime="20200811 21:30:58.704" endtime="20200811 21:30:58.705"></status>
</kw>
<kw name="Convert To String" library="BuiltIn">
<doc>Converts the given item to a Unicode string.</doc>
<arguments>
<arg>${resp.json()['_id']}</arg>
</arguments>
<assign>
<var>${token_cliente}</var>
</assign>
<msg timestamp="20200811 21:30:58.705" level="INFO">${token_cliente} = 5f31d51bfbba920016c6bb10</msg>
<status status="PASS" starttime="20200811 21:30:58.705" endtime="20200811 21:30:58.705"></status>
</kw>
<kw name="Set Test Variable" library="BuiltIn">
<doc>Makes a variable available everywhere within the scope of the current test.</doc>
<arguments>
<arg>${token_cliente}</arg>
</arguments>
<msg timestamp="20200811 21:30:58.706" level="INFO">${token_cliente} = 5f31d51bfbba920016c6bb10</msg>
<status status="PASS" starttime="20200811 21:30:58.706" endtime="20200811 21:30:58.706"></status>
</kw>
<status status="PASS" starttime="20200811 21:30:58.474" endtime="20200811 21:30:58.706"></status>
</kw>
<kw name="E que 'Carne de Jaca louca' está cadastrado no meu dashboard" library="kws">
<kw name="Set Test Variable" library="BuiltIn">
<doc>Makes a variable available everywhere within the scope of the current test.</doc>
<arguments>
<arg>${produto}</arg>
</arguments>
<msg timestamp="20200811 21:30:58.707" level="INFO">${produto} = Carne de Jaca louca</msg>
<status status="PASS" starttime="20200811 21:30:58.707" endtime="20200811 21:30:58.707"></status>
</kw>
<kw name="Create Dictionary" library="BuiltIn">
<doc>Creates and returns a dictionary based on the given ``items``.</doc>
<arguments>
<arg>name=${produto}</arg>
<arg>plate=Tipo</arg>
<arg>price=17.00</arg>
</arguments>
<assign>
<var>&amp;{payload}</var>
</assign>
<msg timestamp="20200811 21:30:58.708" level="INFO">&amp;{payload} = { name=Carne de Jaca louca | plate=Tipo | price=17.00 }</msg>
<status status="PASS" starttime="20200811 21:30:58.708" endtime="20200811 21:30:58.709"></status>
</kw>
<kw name="Get Binary File" library="OperatingSystem">
<doc>Returns the contents of a specified file.</doc>
<arguments>
<arg>${EXECDIR}/resources/images/produto.jpg</arg>
</arguments>
<assign>
<var>${image_file}</var>
</assign>
<msg timestamp="20200811 21:30:58.710" level="INFO" html="yes">Getting file '&lt;a href="file://C:\roboweek\ninjachef\web\resources\images\produto.jpg"&gt;C:\roboweek\ninjachef\web\resources\images\produto.jpg&lt;/a&gt;'.</msg>
<msg timestamp="20200811 21:30:58.851" level="INFO">${image_file} = \xff\xd8\xff\xe1\xb8ExifMM*bj(1r2\x90\x87i\xa4\xd0
\xfc\x80'
\xfc\x80'Adobe Photoshop CS6 (Windows)2018:...</msg>
<status status="PASS" starttime="20200811 21:30:58.709" endtime="20200811 21:30:58.852"></status>
</kw>
<kw name="Create Dictionary" library="BuiltIn">
<doc>Creates and returns a dictionary based on the given ``items``.</doc>
<arguments>
<arg>thumbnail=${image_file}</arg>
</arguments>
<assign>
<var>&amp;{files}</var>
</assign>
<msg timestamp="20200811 21:30:59.001" level="INFO">&amp;{files} = { thumbnail=\xff\xd8\xff\xe1\xb8ExifMM*bj(1r2\x90\x87i\xa4\xd0
\xfc\x80'
\xfc\x80'Adobe Photoshop CS6 (Wi...</msg>
<status status="PASS" starttime="20200811 21:30:58.852" endtime="20200811 21:30:59.001"></status>
</kw>
<kw name="Create Dictionary" library="BuiltIn">
<doc>Creates and returns a dictionary based on the given ``items``.</doc>
<arguments>
<arg>user_id=${token_cozinheiro}</arg>
</arguments>
<assign>
<var>&amp;{headers}</var>
</assign>
<msg timestamp="20200811 21:30:59.002" level="INFO">&amp;{headers} = { user_id=5f31d3bafbba920016c6bb0e }</msg>
<status status="PASS" starttime="20200811 21:30:59.001" endtime="20200811 21:30:59.002"></status>
</kw>
<kw name="Create Session" library="RequestsLibrary">
<doc>Create Session: create a HTTP session to a server</doc>
<arguments>
<arg>api</arg>
<arg>${api_url}</arg>
</arguments>
<msg timestamp="20200811 21:30:59.002" level="INFO">Creating Session using : alias=api, url=http://ninjachef-api-qaninja-io.umbler.net, headers={},                     cookies={}, auth=None, timeout=None, proxies=None, verify=False,                     debug=0 </msg>
<status status="PASS" starttime="20200811 21:30:59.002" endtime="20200811 21:30:59.003"></status>
</kw>
<kw name="Post Request" library="RequestsLibrary">
<doc>Send a POST request on the session object found using the
given `alias`</doc>
<arguments>
<arg>api</arg>
<arg>/products</arg>
<arg>files=${files}</arg>
<arg>data=${payload}</arg>
<arg>headers=${headers}</arg>
</arguments>
<assign>
<var>${resp}</var>
</assign>
<msg timestamp="20200811 21:31:02.467" level="INFO">POST Request : url=http://ninjachef-api-qaninja-io.umbler.net/products 
 path_url=/products 
 headers={'User-Agent': 'python-requests/2.24.0', 'Accept-Encoding': 'gzip, deflate', 'Accept': '*/*', 'Connection': 'keep-alive', 'user_id': '5f31d3bafbba920016c6bb0e', 'Content-Length': '354484', 'Content-Type': 'multipart/form-data; boundary=91e122c0e47f11ec3416a4645a0dc6ed'} 
 body=b'--91e122c0e47f11ec3416a4645a0dc6ed\r\nContent-Disposition: form-data; name="name"\r\n\r\nCarne de Jaca louca\r\n--91e122c0e47f11ec3416a4645a0dc6ed\r\nContent-Disposition: form-data; name="plate"\r\n\r\nTipo\r\n--91e122c0e47f11ec3416a4645a0dc6ed\r\nContent-Disposition: form-data; name="price"\r\n\r\n17.00\r\n--91e122c0e47f11ec3416a4645a0dc6ed\r\nContent-Disposition: form-data; name="thumbnail"; filename="thumbnail"\r\n\r\n\xff\xd8\xff\xe1\x1c\xb8Exif\x00\x00MM\x00*\x00\x00\x00\x08\x00\x07\x01\x12\x00\x03\x00\x00\x00\x01\x00\x01\x00\x00\x01\x1a\x00\x05\x00\x00\x00\x01\x00\x00\x00b\x01\x1b\x00\x05\x00\x00\x00\x01\x00\x00\x00j\x01(\x00\x03\x00\x00\x00\x01\x00\x02\x00\x00\x011\x00\x02\x00\x00\x00\x1e\x00\x00\x00r\x012\x00\x02\x00\x00\x00\x14\x00\x00\x00\x90\x87i\x00\x04\x00\x00\x00\x01\x00\x00\x00\xa4\x00\x00\x00\xd0\x00\n\xfc\x80\x00\x00\'\x10\x00\n\xfc\x80\x00\x00\'\x10Adobe Photoshop CS6 (Windows)\x002018:05:28 08:56:30\x00\x00\x03\xa0\x01\x00\x03\x00\x00\x00\x01\xff\xff\x00\x00\xa0\x02\x00\x04\x00\x00\x00\x01\x00\x00\x02\xeb\xa0\x03\x00\x04\x00\x00\x00\x01\x00\x00\x01\xe2\x00\x00\x00\x00\x00\x00\x00\x06\x01\x03\x00\x03\x00\x00\x00\x01\x00\x06\x00\x00\x01\x1a\x00\x05\x00\x00\x00\x01\x00\x00\x01\x1e\x01\x1b\x00\x05\x00\x00\x00\x01\x00\x00\x01&amp;\x01(\x00\x03\x00\x00\x00\x01\x00\x02\x00\x00\x02\x01\x00\x04\x00\x00\x00\x01\x00\x00\x01.\x02\x02\x00\x04\x00\x00\x00\x01\x00\x00\x1b\x82\x00\x00\x00\x00\x00\x00\x00H\x00\x00\x00\x01\x00\x00\x00H\x00\x00\x00\x01\xff\xd8\xff\xed\x00\x0cAdobe_CM\x00\x01\xff\xee\x00\x0eAdobe\x00d\x80\x00\x00\x00\x01\xff\xdb\x00\x84\x00\x0c\x08\x08\x08\t\x08\x0c\t\t\x0c\x11\x0b\n\x0b\x11\x15\x0f\x0c\x0c\x0f\x15\x18\x13\x13\x15\x13\x13\x18\x11\x0c\x0c\x0c\x0c\x0c\x0c\x11\x0c\x0c\x0c\x0c\x0c\x0c\x0c\x0c\x0c\x0c\x0c\x0c\x0c\x0c\x0c\x0c\x0c\x0c\x0c\x0c\x0c\x0c\x0c\x0c\x0c\x0c\x0c\x0c\x01\r\x0b\x0b\r\x0e\r\x10\x0e\x0e\x10\x14\x0e\x0e\x0e\x14\x14\x0e\x0e\x0e\x0e\x14\x11\x0c\x0c\x0c\x0c\x0c\x11\x11\x0c\x0c\x0c\x0c\x0c\x0c\x11\x0c\x0c\x0c\x0c\x0c\x0c\x0c\x0c\x0c\x0c\x0c\x0c\x0c\x0c\x0c\x0c\x0c\x0c\x0c\x0c\x0c\x0c\x0c\x0c\x0c\x0c\x0c\x0c\xff\xc0\x00\x11\x08\x00g\x00\xa0\x03\x01"\x00\x02\x11\x01\x03\x11\x01\xff\xdd\x00\x04\x00\n\xff\xc4\x01?\x00\x00\x01\x05\x01\x01\x01\x01\x01\x01\x00\x00\x00\x00\x00\x00\x00\x03\x00\x01\x02\x04\x05\x06\x07\x08\t\n\x0b\x01\x00\x01\x05\x01\x01\x01\x01\x01\x01\x00\x00\x00\x00\x00\x00\x00\x01\x00\x02\x03\x04\x05\x06\x07\x08\t\n\x0b\x10\x00\x01\x04\x01\x03\x02\x04\x02\x05\x07\x06\x08\x05\x03\x0c3\x01\x00\x02\x11\x03\x04!\x121\x05AQa\x13"q\x812\x06\x14\x91\xa1\xb1B#$\x15R\xc1b34r\x82\xd1C\x07%\x92S\xf0\xe1\xf1cs5\x16\xa2\xb2\x83&amp;D\x93TdE\xc2\xa3t6\x17\xd2U\xe2e\xf2\xb3\x84\xc3\xd3u\xe3\xf3F\'\x94\xa4\x85\xb4\x95\xc4\xd4\xe4\xf4\xa5\xb5\xc5\xd5\xe5\xf5Vfv\x86\x96\xa6\xb6\xc6\xd6\xe6\xf67GWgw\x87\x97\xa7\xb7\xc7\xd7\xe7\xf7\x11\x00\x02\x02\x01\x02\x04\x04\x03\x04\x05\x06\x07\x07\x06\x055\x01\x00\x02\x11\x03!1\x12\x04AQaq"\x13\x052\x81\x91\x14\xa1\xb1B#\xc1R\xd1\xf03$b\xe1r\x82\x92CS\x15cs4\xf1%\x06\x16\xa2\xb2\x83\x07&amp;5\xc2\xd2D\x93T\xa3\x17dEU6te\xe2\xf2\xb3\x84\xc3\xd3u\xe3\xf3F\x94\xa4\x85\xb4\x95\xc4\xd4\xe4\xf4\xa5\xb5\xc5\xd5\xe5\xf5Vfv\x86\x96\xa6\xb6\xc6\xd6\xe6\xf6\'7GWgw\x87\x97\xa7\xb7\xc7\xff\xda\x00\x0c\x03\x01\x00\x02\x11\x03\x11\x00?\x00\xe6I\xcc\xc7\xb2\xd2\xef\xe6\xc7\x05u\xdfRz\xedO\xa6\xda2/\xdadlc\x8f\x02;J\xe23r=h\xdbg\xb5\xc3V\xa8t\x96\xfe\xb7\x00\xe8\xb3\xe7\x8f\x8a\x17\xf2\x90\xdf\x02\xbc_g\x1d3\xa6\xb7\x15\xedc\x18]t\xb9\xee\xd0\x92O\xe78\xaf*\xfa\xcf\xd1\xdf\xd2\xb2\xc5u\xd8lm\x84\x91&lt;\x89&gt;K\xa3\xc5\xebwb\xd5\xb1\xce.\x81\xa4\x95^\xd7\xe3fM\xf9$\x17\xcc\xc9\xd5W\x19\xe7\x0c\xb1\x02\x1e\x9a\xa2\xbb\xda\x06\x04\x99=\x17\xd5.\x95F\'K\xac\xbd\xa0\xd8\xf6\xcb\x89\x1a\xea\xa8u\xcf\xab};2\xfb-\x0c\x02\xc7\x0e\xc1V\xc5\xfa\xc6\xfa\x1b\xe9\x1f\xa24o\x8aT\xf5\\\x9c\x8b\x9ckl\x8e\xe4\x90\x00\xf8\xb9\xca\xac\xbd\xd0L\xcd\xc0\xd9$\xda\xe8\xc4\x13\xc2=W\xb0x&gt;\xa7\x88\xec\x0c\xa7\xd0x\x1a\xb7\xe0\x81\x8f^FI"\x8a\x9flrX\t\x02&lt;]\xf4Z\xba\xbc\xfc\x1cL\x8c\xb7\xdd\x91S\xcd\xcd\xd4\x0b\x08s\x00\xfaNs\x9a\xcfc\x7f\xf0U:\xde\xec`\xc70\x0fQ\xa0\xfaE\xbc5\xce\x1f\xe0\xdd_\xb5\xcf\xdb\xfc\xd2\xbd\xf7\xff\x00D@\x8f\x14\xebR~[d\x87\xc3$I3\x98\x80\xdf\x86&gt;\xa9}\xbf\xfa;\xca\xbf\xa7\xf5\x11\xce;\xff\x00\x0f\x87\xef#[\xd1\xba\xc556\xdb\xb0\xed\xae\xb7\xfd\x0b\x1c\x00k\xb4\xdd\xec~\xed\xaeZ\xee\xe9\x99\x97\x90\xdaZ\\\xfb\x9c\x1e\xf9\xe6\x00p\xf7\xec\x9d\xfb\xb6\xee\xfa\n\xdf\\6\x9a\xe9\xc1o\xe9j\xe9\xf5C\x81\x96\xcd\x8f\xf6\xd957\xf9\xb7\xb3o\xa7\xb1;\xef\x92&amp; p\x1e-\xf7\xff\x00\xbe\xfd\xe5\x0eC\x19\x91\x00\xce\xa2,\x9b\x8f\xf8?\xa0\xf2\x8e\xc7\xca\xaeK\xa9x\xda%\xc7i\x80&lt;d(z\xbaO1\xd9\\9\x16\x0bK\xeb\xb1\xd5\xea}\xd3\x11\xdbi\xfd\xe5\x0b,e\xe0\x1b@\xdf:;\x82~m\x01Y\x13\x97\xe9D}?\xefZ\xf3\xe5@\xbe\t\x7f\x8c?\xee\x9fm\xfa\xb3\x87\x8fo\xd5\x9cV\x1a\x03\x1bm:\xb0\xf3\xee\x1c\xee^g\xd4\xe9f&gt;e\xd4\x8a\xcbK^A\x04\xf1\x1a.\xfb\xea\xa7\xd6&lt;,\xee\x86)\xc4yfV%Qn3\xe3{@\xd3\xd4g\xfaZ?\xe1\x99\xfd\xb5\xcc_Co\xc8\xb2\xcb}\xces\x89%74\xe3\x18\x02\xc5\x86\x12\xe3\x90:R\x1e\x91\xd2*\x1d\n\xfc\xdbj\x0e.\x0fp\xe4\xbbh\xfa.\xaf\xf3[\xb5\xcb\x82\xc9y96\xcf;\x8c\xc7\x8f\x8a\xf4\x1a\xf2\xaf\xaf\xa7]\x82\xc7\x9fH\x87\x00\xdf\x8a\xe32z&gt;A\xbe\xc7\x83\xc9\x9e\x14\xb8\xe4\x08\xb2wc\x94H$WV\x9e;C\xee\xad\x9f\xbc\xf6\x8f\xc5}\x01\xd3\x01\xc5\xe8\xf4\xb1\xa7J\xea\x11\xf7/\x0f\xe9\xdd&amp;\xf1\x9bAw\x02\xc6\xc8\xf9\xafr\xfa\x1d7\xe1_\xf0N\xbdt\xec\xb6CA}\xdf6\xfa\xc5\x16\xd9k\xdd\xab\x892W\'\x97\xfc\xc1\x1e\x01t\xbdj\xf0_`\x9e\xeb\x9b\xbd\x86\xd6\x967\x92\xa0\xc3vm\x9f \x14\x1f\xff\xd0\xf3\x8c\x8c\x87Yn\xea\xc6\xd1\xc0V\xa8\xbd\xf8\xcf\xad\xff\x00yR\xaf\xa7\x87\xb1\xaf\x98\x01G,\x86\x10\xc6\xea\xab\x99D\xd4@\xf3op\x98\x82K\xba\xdc\xfa\xef\xaaA\xd68U~\xd7av\xd2\xe2\x1a;*\x14&gt;\xca@\x11\x1b\xbb\xad|&lt;3\xd42(\xc2d6\xec\x87m\x0f\x89\r\x11\xb9\xf69\xa3\xfd\x1b\x1b\xb9W\x9c@\xdfa\xd5\x00\x9d\x83w\xa1\xe1[\xd5-q\x12\xdcj\x7f\x9e\xb0x\xc6\xefI\x8e\xfd\xef\xde\x7f\xf85\xd7\xd3\x85Sq\x85u\x169\xa5\x84\xfal\r\x926\x93\xfa6\xbfu\x8f\xb7\xfe\xf9\xea-\x0e\x9b\xd1\xa9\xe9\xf8\xf8\x98T\xb02\x965\xfe\xac\xc1\'\xc1\xf7~\xf5\xd6\xd8\xefS\xfd\x1a\x87V\xc2ce\xf4\x90\xdb)h0|\x1b\xef\xa5\xa2\xc6\xb9\xdf\xacV\xe6Y\xe9\xfb?\x9b\xff\x00\x8bTg\x8ey\t\x99\x1e\x88\xe8 }\'_W\xfd\x16\xe6\x19\xc2\x15\x10}R\xde_7\x83\xc8\xbe\xafL=\xd7\x1fQ\xad\x12\xc0K\xbd\xd3\xf4\x9e\xd74\xb3\xde\xd6\xbb\xe8\xac\x93y\xdc[\xba+a-f\xe3\xce\x87F\xbc\xc6\xe6-\xce\xb3\x90\xc7\xbe\xd7Z\xdd\xad\xb0\x03c{z\x8c;n\xfeK^\xef\xe7?\xaf\xfc\xd2\xe7sh}6zy[\x83\x9a\x04T\xe1\xb6\x1c}\xee\xf1\xf6}\x04\xfcX\xe3\xa8m\xcag\x7f\xda\xedb\xf5\xda\xb0\xda\xc6\xd7\xb9\xce\x82\x1c\xc06\x8d\x1b\xb1\x9c\xfb\xbfB\xef\xa0\xb1\xfa\x9ecM\x96&gt;\xb7\xeaA\x04\xee\xd7\xe3\xbb\xf7\xbd\xaa\xbb\x896\x97X$\xb0\x979\xba\x81\xa0\xfa\x1e\xdfv\xc5Y\xe49\xc5\xbb\t2H\xf1;\x80?\x9b\xfa=\x9e\xd5&amp;.Z\x11\x90\x96\xa7F9e\xa0@\x00q-o\xe9\x03\xed\x02\x18]\xa9\xd4\xb4\x12&lt;\x7f7\xf3\xd4\x1fC\th\xd44\x81%\xdc\xcf\xe7G(\xf5\xd0\xf6\x17\xd6\xe9.1\x03w\xb6#~\xff\x00\xe5\xfb~\x8b\xff\x001\\\xaf\x06\xc7\x90\x1b&amp;\xb1.v\xed\x00\x9f\xeb\xff\x00\x85r\xb4e\xc3\xb1`\xab\xdd\xa6\xcb.\xa2\xc6\xdf\x8fk\x99m&gt;\xean\xac\xedp\xd3k\x97G\xd3\xba\xc3s\x99\x16\x00\xcc\x9079\xa3@\xf1\xde\xca\xc7\xfd]k#\xec\x16\xb9\xdf\xa2f\x80\x90\x1a\x0c\xf3\x1fG\xf7\xb7(\x8a.\xaa\xca\xec\xab\xf9\xc6\xc3\xd8G\x90\x9f\xfc\xe9E"%\x1e\x12Tq\xec@\xd5\xdd\xa4\xcb\x9d\xe6Jk)\x97k\xe4\x80\xdb\x1e\xd75\xf0Z-h\xb1\x80\xf8;\xff\x00"\xed\xccE\xf5w\xf7\xec\xa6\xfd\x18\xd7f\x99\x1e\xb9\x03\xdd\xb7\xd30\x8d\xd9\xb55\x82Hp%z\x1ek\x0b:s\xc4p\xc8\xfc\x17\x9d\xf4\xdc\xab\xb1r\x99}P\xe2\xd3;O\x05uY\x9fZ\x1fv\x1b\x98\xccb\x1eD\x19p#\xfb)\xd0\x98\x02W\xb9b\xc9\x02H\xa7\xce\xba\x95\x93\x91`p#\xdct+)\x97\xb6\xab\xc1?En\xe7UvM\xaeyf\xd9+\'3\xa5\xb4j\xf7\xc0\xf0N\x8d.\x94e\xbb\xff\xd1\xe1\x8ehcKA\xd1\x0b\x12\xea\xee\xb8\x9bL\x01\xc4\xad\'a\xf4&amp;j\x03\xdf\xf1\'\xfb\xd0]\xfb&amp;\xbf\xa1X\x1f\x18U@\x8d\x1a\x06\xcbnS\'\xa8\xa5\xdc\xd1i\xd9#oe\xd7\xff\x00\x8b\xde\x9d\xbf\xa8ee\x11\xbcQKja\xe4\x83k\xb7=\xdf\xf6\xddK\x8b9\xd8l\xfa \x05\xd7\xfdN\xe8\x99y4\xbf\xad[\x88\xe73\xf4m\xe9\x81\xc7n\xe7\xef\xdd~V\xdd\xcd\xfd\x054\xd7\xfc\xed\xbf\xa3Q\xe4\xc3)@\x8d\x85vT&amp;8\x86\xa3SO|\xf6]\xf6\xafM\x8dhk\xcbL\x99$\x8d\xaf\xf5}\xbe\xdd\xcd\x7f\xe8\xebT:\x95\xde\x9e#\rO\x0e\xad\xf5\xc57\x19.\x01\x87l\xb1\xadv\xefQ\x93\xb7{\xec\xb3\xff\x00&gt;\xab/\xaa\xfazk\xab\xc8\xda\xec\xa0N\xe7\xd4\xe8\x0c\xdc\xe2\xf1\xfag\xedX\x99]/\xa8d\x86\xde2w\xd6\xe0\xe6\xd8\xfa\xcb\x8e\xc8\xdc__&gt;\xf6{w*s\xe2\x811\x88\xbe-\x7f\xbb\xc5\xfa%\xb5\x8eQ$\x12t\x89\xaf\xef\xf0\xfe\x93\x82\xfaC\x1ah\xb1\xe5\xec;\xde\xe7\xb0@\x1bA0\xcf\xcd\xf4\xbdb\xc69df\xd8\xfb\rOx\x0c\xd8\xd3_\x12\xe9\xfan\x97~s\x9d\xfe\x95n\xf5\x0c\x0c\xfcn\x99\x93\x99[\x88\xc8\xc7\xaf\xd65\xdc\xf7=\xce`\xfet=\xb1\xb2\x972\xb7z\xbe\x8f\xe9\xbf\x9b\xfd\'\xa6\xb3:/M\xea}[\xa6\xe4gT(\xc8\xdbp\xa8\x87F\xf6\x861\xaf\xb0SXkj\xbb\xd3e\xad\x7f\xf3\x8c\xff\x00\xae\xa7\xe2\xc3\x93\xe6\xd3\xedg\x9f5\rA\x07\xf0\xa700\xe4&lt;\x06\x16\x87=\xc0q\xb4I\xf6\xff\x00e/\xb29\xb0\xf0 \xb0\xea\x070\x0f\xb5\xec\xfc\xd7{\x96\xe5\x7fT\xfa\xb3X\xcb\x9bk2h}\x83\xd4\rc+w\xa6\x0e\xfb\x1d\x1b=\x96m\xf6zj}W\xa0u\xa6\xd8\x1d\xd0\x8d\x995\xb6\x03Ie{\xa4\xee\xd6\xad\xec\xfekk}\xde\xaa\x94\x89\x82#\x19G]\xb5b\xfb\xc6=\xc8\x97\xd2\xbf\xef\x9a\xdd/\x0f\xd6\xfd5Mk\x9e\xd6\xc0\x1b4.\xfd\xd77\xf9[\x1d\xfez\xd4n\x05O\xc7uU\x10-\xc6d\x16\xb4{\xf9\xd0\x16\x03\xb7\xf9\xa6\xfb?\xebk7\xea\xd5\x97euf\xf4\xdbr\x9fU\xf6\x17\x8c\x9b+\xa9\x9e\x90\x86\xee,n\xfa\xbd6\xec\xf73\xdd\xefW\xeb\xcb\xea\x17\xe6YV%\xf9u\xde\xfb\xb6cee2\x8cr\x18\x01\x9d\xf4zvdmtok=:\xfdO\xf0\x9e\x9f\xf3J"&amp;.\xc8\x00u\'D\x8c\xf0$\xd0"\x87\x16\xad\x9a\xf1)\xb7\x18\xed!\xc5\x84\r\xf3\xb4\x81-\xd8\xefM\x9e\x96\xef\xf5\xb5T\xea\x1d4U\xa3u6\x13\xb8\xb7M[\xf4\\\xe8\xf6\xfes\xbd\xcb]\xbd;\xaec\xddKrr\xfe\xd5V[v31\xb8\xf5\xb1\xb5\xdd\xee&gt;\x95\x94\xb6,{-\xfer\x97\xfb?\xe1\x15\x9b\xfa^e\x14R\xf7\x8b:\x83\xdeK,\xae\xa0\xca\xe0\xbf\xf4u\xddW\xb7}\x9e\x97\xe7\xfa\x96lQ\xf0f\xc8}\x06&amp;\xc0\xeac\xfe\x17\xaa)\x877\x8fM%\xa9\xfe\xaf\xfd\xf3\xcf\xe0\xf4\xa6X\xe6z\xa7W\x18kF\x85\xde-\x9f\xec\xa3]\xd1E\xf9\x0es\x1d\x0c\xa0\xb9\xaf\x02\x07\xd1\xff\x00\x07\r\xfd\xd5\xa3\x88+\xb3/\xec\x00\x8b\xaa\xc5\xac\x9b3*\x05\xadm\xc0\xff\x003t\x97W\xeef\xcf\xd2W\xff\x00\x16\xad\xfau7\x1d\xf95\x82\xed\xd5\xbb{\x86\x92\xe6\xcb\x9a\xf2?y\xdfEM\x8ay!\x11\x8e\x7f8\xba\xeb\xe9\xff\x00\x05\xad\x9eQ\x96C0+\x8a\xb4.]x\x94T\xc0[\xc0\xee\x95\x99\x14\xb6\xb7C\xe2\x02\xe6\xf2\xfa\xf5\xcd\xafht\x08Wz\x7f\xd5\x8e\xbb\xd5:u]J\xcbY\x8d\x89\x907U2\xf7\x96\x7f\xa5,\xfc\xd6\xbb\xf3\x14\xf3\xe0\xc7\x139\x9fH\xdc\xfc\xdf\xf4T54+]\x9ay\xbdH\xc9\xd9\xa9&amp;\x1a\x07$\x93\x00\x7fit\x1d;\xea \xb5\xd5\xe5u\xebC\xea 8bW \x02{\\\xf9\xf7\xed\xfeJ\xd1o\xd4\xcf\xab\x147\x1e\xdd\xaf\xb2\xfa\xdc\xdb\x05\xce{\xb5su\xe2v}/\xcc[\x16\xb4\x8a\xc5\x84\xbbi\xd5\xc0x*\xdc\xc77P\xbcf\xa3Ve\xbf\xfd\x15F6u\xee\xff\x00\xff\xd2\xe2O\xd5\xfe\xb4\xd6\xcd\xb8\xee\x8f\x00uQwDlE\x9e\xa5N\xfeP%v\xb6}t\xc5\x98\xbb\x1d\xed?\r\x15l\xaf\xac\xfd/#\x1a\xcd\x85\xbe\xa0\x07k\\;\xa7X\xe9E\x07\x8b\xad\xb8_V&gt;\xa67\xaduf\xe3z\xde\xa5\x14\x0f[)\x8c\xd1\xfe\x98?\xcd\xb2}\xad\xb2\xd7~\x8f\xde\xbd[.\xca:F\x13\x83\xab\xf40(\xa5\x98\xcd\xd7~\xca\xda\xdf\xe6h\xde\xf6Yn\xd6\r\xb6~\x93\xfe\xdd\\\x8f\xd5\xbe\xbd\xd5\xb210\x9d\xd3\xeb\xae\x8aj\xb9\xf5\\L5\x8d\r\x1fh\xc9\xaf&amp;\xfd\xafw\xd9\x1a\xdfO#\xed?\xceS_\xe8\xff\x00Ij/\xd6/\xae]u\xd9\x0c\x18\x98\xb8\xcdaq\xab\x11\xc5\xa3"\xdb,lo\xcb\xc5k\xff\x00EU-\xb3\xf9\xab.o\xef\xff\x00\xc2\xfau\xb3J\xecX\x87\xe8\xeb\xac|\x7f\xe6\xb7q`1\xe0&gt;\x99\x89\x0e-\x0e\xbf\xcb\xfc\x17K7\xeb\x0eVv;k\xe9=\x13+"\xb7\x06\xb6\xab\xf2"\x96&lt;\x81\xb0l\x96\xfawY\xfc\x86\xd8\xad\x1e\xb7\xd3q2q\xb0:~F0\xc3i\x92\xe6\xee\xba\xdb\xec\x13\xeb2\xaa\xf1\xcdl\xa5\xec\xdb\xef\xbf##\xf9\xcf\xf0^\x9a\xe3\xbe\xcb\xb7"\x8e\xa3\xd6z\x96E\xf9\xedsK=;?H\xd8;\xac\xae\xb7\xdb\xeb\xef\xb1\x9fA\x9e\x9e\xcf\xdfA\xe8\xff\x00Y\xbaf\x07W\xcd\xeb\x99t\xb9\xd9O\x0cn\x0e%r*f\xf2\xe3nNF\xf3g\xbb\x1e\xba\xe9g\xa9\xef\xb2\xe7\xbf\xd6\xf4\xbdo\xd2\xaa\xf18\xa6L\xa1\xfa\xca\x1f5pq\x1f&amp;\xc6\\G\x18\x17\x13]\x00\x97\xe9\x7f[\xe7{&gt;\xacp\x1b\x8a\xdc\x9e\xab]\x98\x98\xd6\x07\x87\xe3\\A\xbe\xd1?A\xa1\xae4\xd5G\xa5\xfd\'\xf4o\xb3\xf4\xdf\xd2*@\xa33\xa7u\x8clf}^\xca\xaf\xa5\xe6\x86\xc5\xbd?\xd3k\xa8pa\x8d\xa6\x9f\xd1\xfe\x89\xbb\x7fG\x93\x85f\xff\x00\xf4\xcb\x0b\xaa\xe57\xeb\x0euo\xcc\xb9\xb8\xdb1\xcd\x8e\xcbn\xeb\x18\xc2a\xf5\xe2S\xb7\xf9\xe7?\xd5\xdf\xfe\x91\xff\x00\xce\x7f6\xc5\xcd\xd7\xd6s\xfaU\xed\xc9\xc6{\xaa\xb4\r\xec\xaa\xd6\xef1n\x97{mk\xfd;]\xb3\xddsP\x87\xae\xe3Z_\xcaB\xdc\x98j \xc8\xfa\xaa\xf4\xf9#\x7f\xa2\xfa\x96&amp;S\xc6~&gt;!\xad\xb6g\x90\xef\xda\xde\x8c\x8aA\x0c\xf7[K\x9d\xee\xfa[6o\xfajx\xd7\xd4-\xb7\x17\xd4l\xed\x87\x87\r\xedk\x98\xefuo\x83\xf4\xedg\xe6}?\xcf^{\xd1\xbe\xb3\xe4\xe4\xdbvfC6Z\x1c\x1c\xec\xad\xdb+$i\xf6\x7f\xcd\xddk\x9a\xfd\xbe\xc4N\xbb\xf5\xb7?\xa7dS\x8d\xd3\x03[\x86=R\xcc\xb7\x1d\xc7!\xd6;k\xba\x87\xa7\xed\xd8\xfa\xdf\xeaz\x1b\xfd_\xfc\xf7\xe9\xa3\t\x1c\x9c\x04\x0b\x17D\x9a\xf9\xbfG\xfcH\xad\x10\x03\x1f\x1d\x92\x0f\xa7A\xfb\xbf\xa7/\xf0\x9e\xbb\xac\xf5&lt;\xbc\nN?D\xc6smhq\xb2\xc7\xd5\xedeb\x7fH\xc6~\x7f\xbb\xfc%\xae\xfej\xbb,\\\x9f@\xeb\xb47%\xd9\xbd~\xed\x96\xba\xd6\xec\xb0\xb1\xcf/l{\xad\xae\xa6\x01\xfa7\xbb\xf7Z\x85\x9b\xd4\x0f_\xa6\xc1\x83\x97e\x19V\x8fI\xd4_|\xb2\xd0~\x85\x0f\xb1\xfbX\xcd\xff\x00\xcc\xd3\x94\xdd\x94\xd9\xfd\x1b;\xd0\xfd\x15\xd7d\xd3\x89\x9f\x9dS\x9b\x9b\xec\xbc\x9b\x19\xfa@\xe1eB\x80\x06\xc6\xb3\xfc\x1b[g\xf3\xb5\xa9g\x8e1\xc7\xfa\xca"\xc5.\x18\xfdB0\x06\xccl\xfe\x97\x17\xf7d\xfa\x03&gt;\xb7\xe2u[l\xaa\xb6\xd8)\xabu\x94\x1b\x06\xd7\xbfo\xf3E\xdf\xe1&gt;\x9f\xfa\n\xdf\xe8V\xb4\xfa{\xb2r\xad\xc7\xc81[k\x06\xab\x1a\xd7\x1b*\x1fH\xb1\xd8\xf6\x9d\x8e\xbf\xd4\xf7&gt;\xc7X\xc6\x7f.\xa5\xe5]8\xfa\x0c,\xb9\x8e\xad\xec{M\x96\x82\xe3-;_;\x9b\xfc\xd7\xfcj\xd7\xbf/\xaf\x16\x90\xcc\xa7\xd2kn\xdcr6\xed\xd1\xcd\xb9\x9b\x9e\x18\x7fIn\xdf\xd2\xec\xfe\x90\xcf\xf8?QV\x9e1\xee\x1b\x95\xc4\x9b\xe2;\xc7\x87\xd488\x7fA?v&lt;7\x13\xd3\xe5\xeb\xf6~\xf3\xe8\x1dK\xa8aaFF@\xa4\x1a\xfd\x96&lt;\x9d\xbbk\x92\x18\xef\xa3\xfa_\x7f\xd3\xa9\x9f\xcd\x7f8\xb0~\xb2\xf5{\xc6?\xb6\xe6t\xe1\x90\xc7\x0fSa\xb6\xb7V\xd0\xd6\xfe\x86\xfcSo\xa4\xdb=F{\xfd7\xfd5\xcc`\xf5\xdb-}\x96g\x98\xc9\x92-\x0f\xd1\x93\x10\xfd\xaco\xe8\xd9\xbf\xfa\x8b\xa1\x1d\x15\xdd\x17\xaf\xf4\xee\x99\x91{\xee\xe9\xfdC\x1a\xdb\x1d\x8d\xa3\xa8m\xcdk\xfdj\xaa.\x1b\x9bMms6mR\x1c\x91\x03 \x94\rc\x89\xc8%\xfb\xfc\x11\xe2\x95 \xe1\x84c\x03\xc5r\x95\xd3.\x8f\xf5O\xa4W\xd2\xb1\xba\x96}_l\xb7"\xb1c\xc5\xb3\xb1\x9b\xbd\xcc\x0c\xa3\xfa\x9f\xe9\x16\xdd\x1dg\x12\x9a\x8e#\xdc\xc6\xe2\x06\xecn\xc0\x03X\x00\xf6\xb7h\xfc\xc4\x9a\xfcjh\x14\xd7\xb9\xfb\x00k\x01:\x06\xb4@\x10\xb0:\x87\xa8\x1c\xed\xc2\x1a{\x05\x89&lt;\xd92\xe7$\xe4\x95\x1d\xa3\xc5q\xa9o\x1e\x16\xde\x0c8\xeb\x86C\xfc.\xae\xb5\xfdL\xd4\xc6\xd1[\x9bu#\xdfS\xf8\xd0\xff\x00)\x1a\xbe\xaf\xf6\xa0\x1b\xba\x1d\\\xfe\x8ck\xca\xc8n-\xe7\x0f\x19\xe4m`i\xd7\x99\xd6\x7f\xb2\xa7O\xd9\x99&amp;v:c\xd6\xd3C\xf1\x1fIDcq1\x06G\xf4t:z\x0b4\xa1\x8b\xa5X\xeb\xe2\xff\x00\xff\xd3\xc9\xb5\xb5\xc9\x04\x08&lt;\xca\x167F\xc1\xea9\x8d\xc7{\x99C\x1c7[{\x9c\xd6\x060@}\x9b\x9f\xed\xdf\xee\xfd\x1b\x7f}s\xee\xea/&gt;\xe2L\xfcT\xa9\xea\x8f\xa6\xfa\xb2[\x06\xca^,\xaf{C\xdb\xb9\xbfGuo\x96\xbdA\xc0kB\xced\x1fH\xfa\xca\xd1\xd3:-}\x1f\x19\xac\xa6\xbc\xdb\x19\x8c\xcc|}\xad\xd0\r\xf6\xd2\xc7;\xe9o\xbb\xd3~~C\xda\xcfS\xfc"\xe5\x9d\x7fO\xe9ns\x9b{\xee\xae\xc8\x0f\xcc\r\x0f\xb5\xceo\xb6\xca\xb1)\xddN5\x1f\xd7\xddc6z\x7f\xce\x7f6\xa5\x8f\xd5\xb3:\xcb\x85\xddE\xf6[c7\rZa\xe1\xc7\x7f\xe8?\xd1z_N\xe5\x9d\x9f\xf6\xcc\x9fW\x11\xa1\x95\xd5C\x9f\r{u\xd8\x0e\xd7=\x9a}\x1a\xff\x00\x91\xefb\xa2\x012\xf6\xa7\xf2\x03r\xe2\x95\xef/\xf9\xce\x97/\x101{\x80\xfa\x8f\xc9\xc2:\xff\x00/\xd2d\xdar:\x89wX\xce\xf5q\xba&gt;K\x9fN\xe1`}\x85\xec\xfd$\xbb\xe8\xfa\x8eo\xbd\xd6;\xd2\xae\xaf\xf45+\xfd?\xa0\xdb\xf6\xdf\xb6d\x16]\x8bto~KCC+w\xd2{\xd8\xdd\xec\xf5\\\xdd\xbe\x8b6\x7f8\x959O\xcc\xfa\xa9uX\xd5\x0cS\xd3\xaem\xd55\xa2\x03\x9ae\x8f\xb1\xb3\xf4\xb7o\xc8\xde\xa9[\xd4o=:\x9a\x8b\x1a\xdcZ\xd8\xd7\xd9\xb4\x01\xb9\xc3\x7f\xbd\xcfg\xe7\xd9\xb9\xbf\xce~\x958\x9c\x92\xe2\x18\xff\x00Tc/k\x84\xf4\x8f\xcd\xfe4\xbf\xbe\xc9\x08\xc6\x87\xb8x\xbfH\xcf\xfa\xc3\xfb\xdf\xf7Hz\x97X\xa2\x9b\xaa\xc6\xe9\xad~?N\xc5y;C\x8bl\xb2L=\xd6\xfe\xe3\\\xcfg\xa7\xfb\x8b2\xcbo\xeaY/\xda\xe3\xb4\xcb\xde\xe7\x1d\x18\xd0~\x93\xbf\xcf\xff\x00=\x1b#\x1d\xed\xb6\xbb\xfa\x8dN\xae\x87\xb5\xcfn\xe6\x90\\?\xc1\x87za\xcf\xf4\xdf\xf9\x8f\xb3\xf3\x15\x8f\xd8\xb9\x98\xf6QV=\x95\xdfOSg\xaa\x1bY\x87\xd7\xb1\xbe\xb7\xa7w\xa8\xd6}\r\xff\x00M\x9b\xea\xb9X\x8f\xb7\x8e\x02\x88\xb0\x0f\xaeG\x8b\xc7\'\xaf\xf4\xa4\xd6\xcb,\x92\x97\r\x1e\x02@\xe0\x03\xd5_\xa1\xe9\xfe\xba\xf8.\xc0\xca\xc8{r\x9e+\xc4\xc6h\xd8\x1a\xe0\xc7=\xc4\x166\xaa\xaasK\x9fc\xf6\xfeg\xd0\xff\x00H\xa5\x93\xd4[\x97U\xb4\x07\x1cj\x0e\xda\x85U6\x1a\xc6\x8d[I\xdf\xf4\xff\x00\x97\xeeY\xdd:\x9cw8\x17\x1b\x9b\x93KM\x96\x106\xed\xdat\x8f\xcf\xfa_\x9d\xeaV\xb4rrq\x19\x84\xecS^\xdb2\xac.m\xa4\xea\x18\x00\xad\xd79\xbf\xf0\x9e\xfd\x89\x99!\xfa\xc1\xa4\xa7\xb7\x0f\xf5?zl\x98fN2O\x0cD\xb8\xaf\xfa\xdf\xea\xfd?*\x1clL\x8c\\\x89\xa1\xcc}72\xc6Wk\xda!\x969\x85\xad\x16o\x961\xb6\x7f\xdbj\xe7V\xb3+\x02\x86\x9br\x1be\xd9B\xc7\xef\x0e.p\xb1\xe6\x8b\x1c\xe74\xfb\xaa\xae\xc6\xd3\xe93\xdf\xbf\xfc"\xcee6\xe04[\x8di\xb1\xb6@\xb4\x11\xba\xb0\t\x1e\x9f\xad\xf9\x9e\xf9\xf6(\xbb=\x99\xb4\x9cl\xb6\x07eV\xf8\xaf!\xba\x8d\xbb\xbd\xe2\xd1\xff\x00\x91k\xd3\xcf\x1c\x8cl\xf1\xe3\x07^\x86\xff\x00|\xc3\xfa\xab8\x84G\x08\xb8L\xde\x97\xc4\x07\xf5c\'a\xb78\x97c\xed\xf4\xd8\xf6\x86\xbe\x9e+\xdcZZ\xcf\xebz6;s\x1f\xfe\x1b\xfd\x1a\x1e3\xf3:uD&gt;\xefV\x97\x1d\xa2\xb2O\xb0}-\x8eg\xfa\xd6\xc4Gt\xfb\xb1\xf1[\x97Vp\xc9\x04\xb4\x16\x06@\rw\xb9\xafq\xb3w\xb7\xe8\xfej\xbb\x8e*\xcb\xba\x9a+"\xa7\xd8\xd72\xf7\x06\xc8 \x83\xa6\xd6C\x98\xc7O\xa5b\xab9\x88\x8dH0\xfd-?w\xcf\xd6\xd9\x03\x8a\xc8\xb1!\xfb\\\xc7\x0c64d\xc8\xbd\x8es]k\x89\xf7\x11%\xaf\xd9\xf4WX\xe6\xba\xd7\xe2\xe6Yk\xdcp\xd8\xf6\xd1\xb8\xee\x01\xaf\x01\xb6\x1f\xeb\xfbV\x0e_M\xc4oR\xda\xd0\xca\xb1F\xd2\xea\x88\x99\r\x9d\x95\xff\x00U&gt;oR\xb47eW\x16\xd44\xda\xd0\x04\x8e\xfa\xa8\xb2\x1fpG\xdb\'\xd4\x0e\xa7\xf7&amp;8xXfjZ\xfe\x8f\xfd\'E\x9dr\xcd\xee!\xb2\t\xd0\x1d4R\xbf?\xed#X\x04\x8e\xdc,Kr+ub\x1b\xacs\xc1\t\xf1\x9f}\xae\xda\xc6\x93\x1a\x105\xe5DyHo\x11D"9\xa4\x0e\xafE\xfbA\x8f\xc4\xaf\x1a\xc7D{Z&lt;\xa7YY\x19\xb7\xbe\xdb\xa4}\x16i[\'\xda\xd1\xf0\xfd\xf4+\xa8\xba\xa9\xbd\xe7s[\xa0\x03\xb8\x1c\x9f\xec\xa4\xd7UuA\xdb\x8bA\xe3M~\xe2\x8e&gt;\\\xc3@76Rs\x02m\xff\xd4\xe2zG\xd5\xfc\xfe\xaaC\xaaie$\xc0|\x179\xd1\xf4\xbd\x1a\xdb\xee\x7f\xf5\xff\x00\x9b]=_T\xc7M\x06\xcb(\x92\xd8\xdc\xfb\x1c\xd7Y\'\xfe\r\xaew\xa6\xb6\x87Sv&amp;=\x98\xbd+\n\x8cR\x00\xae\xcb7?s\x8b\x04W.\xf6\xfb?\x93\xfc\xda\xe7\xb3Y\xd5\xf2\x1d\xea[\x94\xca\xdc\x0c\x82\xc1\xe5\xf0\xdfb\xce\xc9\x97$\xe5@\x81\x06\xfe8\x08\xee,\xfd\xbf\xfa*{\x1f\x97\x8b\x8f\x921\xaa\x0f}\xcc\x0c\xad\xaep\x05\x808X\xe7\xd6\xdd=\xfe\xdd\x8b+\xa5t\xebo\xc8\xba\xfc\xb2\xea\xa0\x10\xc6\xbb\x8d\xce3o\xb5\xdfE\xbe\xd6\xab\xf4\xd7p\x13m\x9e\xa9\x1f\x9c\xfeSd\xe3\xd7\x96\x18\xcb\x9c\x00\x03V\xb4\x91\xaae\xd0"\xf7\xfd =M\x81#\xc2\x05ln\x8fw\xa4\xb7\xf6i\xe8\xe1\xed5\xd7\x8c\xe6\xfe\x946%\xd1\xf9\x8eo\xd0\xd9[\xbf\xe9\xff\x00\xd7\x17\r\xd5*\xe9\xe6\xea21\xa8k\x19Y\x1e\xa6\xe2H\xb4\x87\x979\xf6\xb5\xc4\xedk\xebv\xc71\x9f\xe0\xd6\xcd8\xcc\xa3M\xed\xb7\x14\xc1~\x1c\x10\xc3\x03\xda[`\x05\xd5\xd9\xff\x00\x08\xad\xe1f}R5[OT\xc3\xb2\xb2e\xec\xba\xc6\x1b+\x11\xfe\x08&gt;\x92\xebw\xbf\xf3^\xea\x94\\\xbce\x8ez\x12Ew\xfd\x1f\xfb\xf6i\xe5\xc7\xed\x18\xc8\x12oj\x1c(q\xb1\xbave9\r%\xcf\xc8\x16n\xaa\xe7\xc6\xd3[[&gt;\xed\x9e\xcfA\xcf\xaa\xca\xe8\xab\xfd\x17\xf5\xd66M\x99\x94Q\x96\xea\xe5\xbb\x1a\xd6\xfa\x86Z\xc6\x82\xe6;\xd3\xa9\xd2\xe6\xee{C\x7fF\xdf\xcc\xadu\xbdS\x02\x8c\x8c\x11\x7fF\xb1\xf9\xf8\xd7\x00C}@6\x11\xf9\xcc}\xae\xaf}\x1e\xdf\xa3\xfc\xe5v\xaek+\xea\xe7TsMY\xb7\n\x9c\xed[\x8c\x1d\xea\x10\x01\xff\x00\t\xb0\xfa?\xd4\xf4\xdfbv)\x9e){\x86&lt;7\x1fO\xcf\xb7\xee\xf0\xae\x9eX{BP\'\xdc\x95\xff\x00Vqs\xd9um\xf4\x1c\xfa\x1dFI0.v\xacs\x89\xf7Z\xdd\xa5\xbfO\xfc+\x10\xdc\xdc \xeb\x05\xcc\r\x10]K\xcb\xa1\xf3\xb7\xf4o\xf5^l\xf6\xeew\xf3nSwJ\xcbe\x80:\xe0\xed\xb05.\x068\xdb\xc7\xe6\xad\xfe\x92\xdcj\xb1mm\xb0r[\x01\x8f\xf1l\xff\x006\x1d\xff\x00O\xdc\xa6\x9ehc\x1cQ&lt;D\xf8\xc9\x82\xc4\xc5\x1e\x9f\xe3y\xbc\xde{:\x85\xacv%t\x9fE\x85\xa7p\x1bZ\\\xd1\xb9\xee\xda\xcfn\xefw\xfc_\xb1C\x13\xa1u1\x90\xcb\r\x0ek^\xf1\x05\x85\xb2\t&gt;g\xdc\xba\xe6?d\x07\x86\xb8n0\xe8\xe6\x7f4\xfd\xca\xd6&gt;\xc2K\x87\xdd\xe0\xabK\xe23\x84j0\x1bu\xbdU\xecFR\xe32;\xdb\x91\x89\xf5k\xaaX\x1c\xcc\xcb\xda\xc6\xd8\xe1\xea\x8a\x9c\xe78\xc1\xde}\x81\xac\xafs\xa7\xff\x00F\xad\xc6\xd5\xd3\xbaf;\x863[M|\x97\x13$\xc7\xe7=\xce.s\x95l\xdc\xba\xb1\x99\xfa\xc5\xbb\x19\xc8h2\xe3\xfd\x90\xb9\x8e\xb1\xd4o\xcfqml8\xf8\x80\xfbXL\xb9\xde\x1e\xab\xd41\x86~p\x8e9p\xe3\x07Z\x1c0\xff\x00\xd0\xe4\xbey#\x88X\xd4\xd6\x8d~\xa3\xd5\x0eFs\xee\xa8\xc3\x0f\xb5\x87\xc4\x0f\xce\xfe\xd2\xa8,u\xef\xda\xfbMe\xda0\xc4\x89?\xbd\x08vT\xe0g\x94#\xb8|\x96\xb41\xc61\x11\x8e\x94(9\xf2\x9c\xa5"e\xad\x9b.\xcfN\xa6\xdc\xab}\t\x1b\x98%\xc4\x98\x10\x16\xeb\xddU\x14\xd7M\x00\xb1\xe6%\xda\x08\x8e}\xbf\xca\xfd\xe5\x97\xd0l\x9d\xce\xa8K\xecw\xccB\xd7~19\x15\xfa\xae\xddY\x04\x1du\x9f\xe5($5=\x17\xdb\x1d\x8eq\xddk\x9aHo\r\xfa(V\xd7]o&gt;\x03Y\x90\xe9\xd3\xb2\xd5\x142\x9a\xf6\x80X\xc7\xbb\x925\x11\xee\xf7m\xfd\xe5\x9dac\xec\xda\xc6\x974\xc9 \x08\xd7\xf92\x9bj\xb7\xff\xd5\xb7\xd4\xb1\x99c\xddv%\xccm\x84\t\xa9\xe4\x0e?5\xff\x00\xca\xfeZ\xc2\xb4\xe4\xfa\x85\xa48&lt;vn\xa7\xfc\xe6\xaf&lt;Ig\x9at#ox\x18\xf1\xad\x87R\x7f8\x82\x7f\xcd\x9fjx\x00hI\x04\xf9D\xfc\xd7\x04\x92o\x9a\xfdkG\xd2k\xc3{\xeb\x00\xddUM&lt;\x979\xa4\xfeW\'oO\xc5kO\xab\x92,i\xe45\xcdkc\xfb.^j\x92\x88\xf1\x7f\xe8\xab\xb4\xff\x00}\xf4\xec\x06u*\xb1\x9f\xfb\x06\xd76\x82\xff\x00\xd2&gt;\x86\x8b\xaa\x0f\x07\xfc%o\x1e\x97\xa9\xfb\xea\xb6WQ\xeb@Z:\x963\xb2\x1eb-\xa6\xbfH\xc4\xfb\xbdZ\x1d\xfa?\xfaK\xce\x92@pk\xc5\xdf\xfc;\xff\x00\xa6\xa9n*\xae\xbe\x8fW\x7fS\xcd\x17\xbb\xd6\xc3\xbc\xb3\xf374\xee\x03\xf3Z\xef\xdfB\x19\xf9GF\xe2\xde\x07\x90\\\xcaJ\xc8\xfb\xbd\x7f\xe8\xcc\x07\xdd\xbf\xe1OW\xf6\xfe\xa048\xb9\x07\xc2[\xacvR9}b\xc6\x00\xdal\xa8q%\xa4\xe9\xf75\x8b\x92I7\xfa5\xfe\x8d\xff\x00Yw\xeb\xeb\xadx=A\xaa\xcd\xc4\xdd`/\x9d7i\xaf}\x15\xdb\xb0p(\xa5\xb6\x0c\x9a\xed\xb5\xc1\xa4\xd6\xdd\xae\x82D\xbeK^v\xec\xfc\xdf\xf0\x8f\\RHd\xf7.&lt;\x1f/\xe9p\xf0\xfd\x19p\xfb7/{\xb6\x97\xc5oM\x9dE\x15\xb1\xae\xae\xf6\xd8\\cc[\x10"K\xb7IY\xce\x8e\xeb)%.\x1e&gt;\x11\xc7\xf3u\xdb\xfe\xe5\x8b7\x07\x19\xf6\xfeN\x9b\xff\x00\xdd;8m\xcd\xdc]\x88^\xd7\x0f\xa6+\xf7\x7f\x9e=\xcd]\x17O\xea\xfdv\x8a\xc5yXN\xcb\xc7\x07\xe9\x8a\xcb\x1f\x1f\x10\xdfI\xdf\xda\xf4\xd7\x08\x92Yx?J\xaf\xfe\x7f\xfc\xdf[\x18\xbf\x1f\xd8\xfb\r\x173!\x87"\xba\xeci\x80\r7\x87\xd5\xf2\xda\xeff\xff\x00\xf8EO!\x98\xef\xc9c[\xb1\xac\xd7~\xa2A\x83\x0e\xdd&gt;\xef\xea/*IW\x8e\xe6\xf6\xf1\xde\x92|\x1f\xff\xd9\xff\xed$\xcaPhotoshop 3.0\x008BIM\x04%\x00\x00\x00\x00\x00\x10\x00\x00\x00\x00\x00\x00\x00\x00\x00\x00\x00\x00\x00\x00\x00\x008BIM\x04:\x00\x00\x00\x00\x00\xf9\x00\x00\x00\x10\x00\x00\x00\x01\x00\x00\x00\x00\x00\x0bprintOutput\x00\x00\x00\x05\x00\x00\x00\x00PstSbool\x01\x00\x00\x00\x00Inteenum\x00\x00\x00\x00Inte\x00\x00\x00\x00Img \x00\x00\x00\x0fprintSixteenBitbool\x00\x00\x00\x00\x0bprinterNameTEXT\x00\x00\x00\x01\x00\x00\x00\x00\x00\x0fprintProofSetupObjc\x00\x00\x00\x16\x00C\x00o\x00n\x00f\x00i\x00g\x00u\x00r\x00a\x00\xe7\x00\xe3\x00o\x00 \x00d\x00e\x00 \x00P\x00r\x00o\x00v\x00a\x00\x00\x00\x00\x00\nproofSetup\x00\x00\x00\x01\x00\x00\x00\x00Bltnenum\x00\x00\x00\x0cbuiltinProof\x00\x00\x00\tproofCMYK\x008BIM\x04;\x00\x00\x00\x00\x02-\x00\x00\x00\x10\x00\x00\x00\x01\x00\x00\x00\x00\x00\x12printOutputOptions\x00\x00\x00\x17\x00\x00\x00\x00Cptnbool\x00\x00\x00\x00\x00Clbrbool\x00\x00\x00\x00\x00RgsMbool\x00\x00\x00\x00\x00CrnCbool\x00\x00\x00\x00\x00CntCbool\x00\x00\x00\x00\x00Lblsbool\x00\x00\x00\x00\x00Ngtvbool\x00\x00\x00\x00\x00EmlDbool\x00\x00\x00\x00\x00Intrbool\x00\x00\x00\x00\x00BckgObjc\x00\x00\x00\x01\x00\x00\x00\x00\x00\x00RGBC\x00\x00\x00\x03\x00\x00\x00\x00Rd  doub@o\xe0\x00\x00\x00\x00\x00\x00\x00\x00\x00Grn doub@o\xe0\x00\x00\x00\x00\x00\x00\x00\x00\x00Bl  doub@o\xe0\x00\x00\x00\x00\x00\x00\x00\x00\x00BrdTUntF#Rlt\x00\x00\x00\x00\x00\x00\x00\x00\x00\x00\x00\x00Bld UntF#Rlt\x00\x00\x00\x00\x00\x00\x00\x00\x00\x00\x00\x00RsltUntF#Pxl@R\x00\x00\x00\x00\x00\x00\x00\x00\x00\nvectorDatabool\x01\x00\x00\x00\x00PgPsenum\x00\x00\x00\x00PgPs\x00\x00\x00\x00PgPC\x00\x00\x00\x00LeftUntF#Rlt\x00\x00\x00\x00\x00\x00\x00\x00\x00\x00\x00\x00Top UntF#Rlt\x00\x00\x00\x00\x00\x00\x00\x00\x00\x00\x00\x00Scl UntF#Prc@Y\x00\x00\x00\x00\x00\x00\x00\x00\x00\x10cropWhenPrintingbool\x00\x00\x00\x00\x0ecropRectBottomlong\x00\x00\x00\x00\x00\x00\x00\x0ccropRectLeftlong\x00\x00\x00\x00\x00\x00\x00\rcropRectRightlong\x00\x00\x00\x00\x00\x00\x00\x0bcropRectToplong\x00\x00\x00\x00\x008BIM\x03\xed\x00\x00\x00\x00\x00\x10\x00H\x00\x00\x00\x01\x00\x02\x00H\x00\x00\x00\x01\x00\x028BIM\x04&amp;\x00\x00\x00\x00\x00\x0e\x00\x00\x00\x00\x00\x00\x00\x00\x00\x00?\x80\x00\x008BIM\x04\r\x00\x00\x00\x00\x00\x04\x00\x00\x00x8BIM\x04\x19\x00\x00\x00\x00\x00\x04\x00\x00\x00\x1e8BIM\x03\xf3\x00\x00\x00\x00\x00\t\x00\x00\x00\x00\x00\x00\x00\x00\x01\x008BIM\'\x10\x00\x00\x00\x00\x00\n\x00\x01\x00\x00\x00\x00\x00\x00\x00\x028BIM\x03\xf5\x00\x00\x00\x00\x00H\x00/ff\x00\x01\x00lff\x00\x06\x00\x00\x00\x00\x00\x01\x00/ff\x00\x01\x00\xa1\x99\x9a\x00\x06\x00\x00\x00\x00\x00\x01\x002\x00\x00\x00\x01\x00Z\x00\x00\x00\x06\x00\x00\x00\x00\x00\x01\x005\x00\x00\x00\x01\x00-\x00\x00\x00\x06\x00\x00\x00\x00\x00\x018BIM\x03\xf8\x00\x00\x00\x00\x00p\x00\x00\xff\xff\xff\xff\xff\xff\xff\xff\xff\xff\xff\xff\xff\xff\xff\xff\xff\xff\xff\xff\xff\xff\x03\xe8\x00\x00\x00\x00\xff\xff\xff\xff\xff\xff\xff\xff\xff\xff\xff\xff\xff\xff\xff\xff\xff\xff\xff\xff\xff\xff\x03\xe8\x00\x00\x00\x00\xff\xff\xff\xff\xff\xff\xff\xff\xff\xff\xff\xff\xff\xff\xff\xff\xff\xff\xff\xff\xff\xff\x03\xe8\x00\x00\x00\x00\xff\xff\xff\xff\xff\xff\xff\xff\xff\xff\xff\xff\xff\xff\xff\xff\xff\xff\xff\xff\xff\xff\x03\xe8\x00\x008BIM\x04\x00\x00\x00\x00\x00\x00\x02\x00\x018BIM\x04\x02\x00\x00\x00\x00\x00\x04\x00\x00\x00\x008BIM\x040\x00\x00\x00\x00\x00\x02\x01\x018BIM\x04-\x00\x00\x00\x00\x00\x06\x00\x01\x00\x00\x00\x028BIM\x04\x08\x00\x00\x00\x00\x00\x10\x00\x00\x00\x01\x00\x00\x02@\x00\x00\x02@\x00\x00\x00\x008BIM\x04\x1e\x00\x00\x00\x00\x00\x04\x00\x00\x00\x008BIM\x04\x1a\x00\x00\x00\x00\x03M\x00\x00\x00\x06\x00\x00\x00\x00\x00\x00\x00\x00\x00\x00\x01\xe2\x00\x00\x02\xeb\x00\x00\x00\x0c\x00S\x00e\x00m\x00 \x00T\x00\xed\x00t\x00u\x00l\x00o\x00-\x001\x00\x00\x00\x01\x00\x00\x00\x00\x00\x00\x00\x00\x00\x00\x00\x00\x00\x00\x00\x00\x00\x00\x00\x01\x00\x00\x00\x00\x00\x00\x00\x00\x00\x00\x02\xeb\x00\x00\x01\xe2\x00\x00\x00\x00\x00\x00\x00\x00\x00\x00\x00\x00\x00\x00\x00\x00\x01\x00\x00\x00\x00\x00\x00\x00\x00\x00\x00\x00\x00\x00\x00\x00\x00\x00\x00\x00\x10\x00\x00\x00\x01\x00\x00\x00\x00\x00\x00null\x00\x00\x00\x02\x00\x00\x00\x06boundsObjc\x00\x00\x00\x01\x00\x00\x00\x00\x00\x00Rct1\x00\x00\x00\x04\x00\x00\x00\x00Top long\x00\x00\x00\x00\x00\x00\x00\x00Leftlong\x00\x00\x00\x00\x00\x00\x00\x00Btomlong\x00\x00\x01\xe2\x00\x00\x00\x00Rghtlong\x00\x00\x02\xeb\x00\x00\x00\x06slicesVlLs\x00\x00\x00\x01Objc\x00\x00\x00\x01\x00\x00\x00\x00\x00\x05slice\x00\x00\x00\x12\x00\x00\x00\x07sliceIDlong\x00\x00\x00\x00\x00\x00\x00\x07groupIDlong\x00\x00\x00\x00\x00\x00\x00\x06originenum\x00\x00\x00\x0cESliceOrigin\x00\x00\x00\rautoGenerated\x00\x00\x00\x00Typeenum\x00\x00\x00\nESliceType\x00\x00\x00\x00Img \x00\x00\x00\x06boundsObjc\x00\x00\x00\x01\x00\x00\x00\x00\x00\x00Rct1\x00\x00\x00\x04\x00\x00\x00\x00Top long\x00\x00\x00\x00\x00\x00\x00\x00Leftlong\x00\x00\x00\x00\x00\x00\x00\x00Btomlong\x00\x00\x01\xe2\x00\x00\x00\x00Rghtlong\x00\x00\x02\xeb\x00\x00\x00\x03urlTEXT\x00\x00\x00\x01\x00\x00\x00\x00\x00\x00nullTEXT\x00\x00\x00\x01\x00\x00\x00\x00\x00\x00MsgeTEXT\x00\x00\x00\x01\x00\x00\x00\x00\x00\x06altTagTEXT\x00\x00\x00\x01\x00\x00\x00\x00\x00\x0ecellTextIsHTMLbool\x01\x00\x00\x00\x08cellTextTEXT\x00\x00\x00\x01\x00\x00\x00\x00\x00\thorzAlignenum\x00\x00\x00\x0fESliceHorzAlign\x00\x00\x00\x07default\x00\x00\x00\tvertAlignenum\x00\x00\x00\x0fESliceVertAlign\x00\x00\x00\x07default\x00\x00\x00\x0bbgColorTypeenum\x00\x00\x00\x11ESliceBGColorType\x00\x00\x00\x00None\x00\x00\x00\ttopOutsetlong\x00\x00\x00\x00\x00\x00\x00\nleftOutsetlong\x00\x00\x00\x00\x00\x00\x00\x0cbottomOutsetlong\x00\x00\x00\x00\x00\x00\x00\x0brightOutsetlong\x00\x00\x00\x00\x008BIM\x04(\x00\x00\x00\x00\x00\x0c\x00\x00\x00\x02?\xf0\x00\x00\x00\x00\x00\x008BIM\x04\x14\x00\x00\x00\x00\x00\x04\x00\x00\x00\x028BIM\x04\x0c\x00\x00\x00\x00\x1b\x9e\x00\x00\x00\x01\x00\x00\x00\xa0\x00\x00\x00g\x00\x00\x01\xe0\x00'... (set the log level to DEBUG or TRACE to see the full content) 
 </msg>
<msg timestamp="20200811 21:31:02.468" level="INFO">POST Response : url=http://ninjachef-api-qaninja-io.umbler.net/products 
 status=200, reason=OK 
 body={"_id":"5f33359ffbba920016c6bb6a","user":"5f31d3bafbba920016c6bb0e","thumbnail":"thumbnail-1597191580578","name":"Carne de Jaca louca","plate":"Tipo","price":17,"__v":0,"thumbnail_url":"http://ninjachef-api-qaninja-io.umbler.net/files/thumbnail-1597191580578","id":"5f33359ffbba920016c6bb6a"} 
 </msg>
<msg timestamp="20200811 21:31:02.468" level="INFO">${resp} = &lt;Response [200]&gt;</msg>
<status status="PASS" starttime="20200811 21:30:59.003" endtime="20200811 21:31:02.468"></status>
</kw>
<kw name="Status Should Be" library="RequestsLibrary">
<doc>Fails if response status code is different than the expected.</doc>
<arguments>
<arg>200</arg>
<arg>${resp}</arg>
</arguments>
<status status="PASS" starttime="20200811 21:31:02.469" endtime="20200811 21:31:02.469"></status>
</kw>
<kw name="Convert To String" library="BuiltIn">
<doc>Converts the given item to a Unicode string.</doc>
<arguments>
<arg>${resp.json()['_id']}</arg>
</arguments>
<assign>
<var>${produto_id}</var>
</assign>
<msg timestamp="20200811 21:31:02.470" level="INFO">${produto_id} = 5f33359ffbba920016c6bb6a</msg>
<status status="PASS" starttime="20200811 21:31:02.469" endtime="20200811 21:31:02.470"></status>
</kw>
<kw name="Set Test Variable" library="BuiltIn">
<doc>Makes a variable available everywhere within the scope of the current test.</doc>
<arguments>
<arg>${produto_id}</arg>
</arguments>
<msg timestamp="20200811 21:31:02.470" level="INFO">${produto_id} = 5f33359ffbba920016c6bb6a</msg>
<status status="PASS" starttime="20200811 21:31:02.470" endtime="20200811 21:31:02.471"></status>
</kw>
<kw name="Go To" library="SeleniumLibrary">
<doc>Navigates the current browser window to the provided ``url``.</doc>
<arguments>
<arg>${base_url}</arg>
</arguments>
<msg timestamp="20200811 21:31:02.471" level="INFO">Opening url 'http://ninjachef-qaninja-io.umbler.net/'</msg>
<status status="PASS" starttime="20200811 21:31:02.471" endtime="20200811 21:31:05.124"></status>
</kw>
<kw name="Input Text" library="SeleniumLibrary">
<doc>Types the given ``text`` into the text field identified by ``locator``.</doc>
<arguments>
<arg>${CAMPO_EMAIL}</arg>
<arg>${email_cozinheiro}</arg>
</arguments>
<msg timestamp="20200811 21:31:05.125" level="INFO">Typing text 'tony@skate.com' into text field 'id:email'.</msg>
<status status="PASS" starttime="20200811 21:31:05.124" endtime="20200811 21:31:05.303"></status>
</kw>
<kw name="Click Element" library="SeleniumLibrary">
<doc>Click the element identified by ``locator``.</doc>
<arguments>
<arg>${BOTAO_ENTRAR}</arg>
</arguments>
<msg timestamp="20200811 21:31:05.304" level="INFO">Clicking element 'css:button[type=submit]'.</msg>
<status status="PASS" starttime="20200811 21:31:05.304" endtime="20200811 21:31:05.352"></status>
</kw>
<kw name="Wait Until Page Contains Element" library="SeleniumLibrary">
<doc>Waits until the element ``locator`` appears on the current page.</doc>
<arguments>
<arg>${DIV_DASH}</arg>
</arguments>
<status status="PASS" starttime="20200811 21:31:05.352" endtime="20200811 21:31:05.790"></status>
</kw>
<status status="PASS" starttime="20200811 21:30:58.707" endtime="20200811 21:31:05.790"></status>
</kw>
<kw name="Quando o cliente solicita o preparo desse prato" library="kws">
<kw name="Create Dictionary" library="BuiltIn">
<doc>Creates and returns a dictionary based on the given ``items``.</doc>
<arguments>
<arg>Content-Type=application/json</arg>
<arg>user_id=${token_cliente}</arg>
</arguments>
<assign>
<var>&amp;{headers}</var>
</assign>
<msg timestamp="20200811 21:31:05.794" level="INFO">&amp;{headers} = { Content-Type=application/json | user_id=5f31d51bfbba920016c6bb10 }</msg>
<status status="PASS" starttime="20200811 21:31:05.792" endtime="20200811 21:31:05.794"></status>
</kw>
<kw name="Create Dictionary" library="BuiltIn">
<doc>Creates and returns a dictionary based on the given ``items``.</doc>
<arguments>
<arg>Payment=Dinheiro</arg>
</arguments>
<assign>
<var>&amp;{payload}</var>
</assign>
<msg timestamp="20200811 21:31:05.796" level="INFO">&amp;{payload} = { Payment=Dinheiro }</msg>
<status status="PASS" starttime="20200811 21:31:05.795" endtime="20200811 21:31:05.796"></status>
</kw>
<kw name="Create Session" library="RequestsLibrary">
<doc>Create Session: create a HTTP session to a server</doc>
<arguments>
<arg>api</arg>
<arg>${api_url}</arg>
</arguments>
<msg timestamp="20200811 21:31:05.797" level="INFO">Creating Session using : alias=api, url=http://ninjachef-api-qaninja-io.umbler.net, headers={},                     cookies={}, auth=None, timeout=None, proxies=None, verify=False,                     debug=0 </msg>
<status status="PASS" starttime="20200811 21:31:05.797" endtime="20200811 21:31:05.797"></status>
</kw>
<kw name="Post Request" library="RequestsLibrary">
<doc>Send a POST request on the session object found using the
given `alias`</doc>
<arguments>
<arg>api</arg>
<arg>/products/${produto_id}/orders</arg>
<arg>data=${payload}</arg>
<arg>headers=${headers}</arg>
</arguments>
<assign>
<var>${resp}</var>
</assign>
<msg timestamp="20200811 21:31:06.281" level="INFO">POST Request : url=http://ninjachef-api-qaninja-io.umbler.net/products/5f33359ffbba920016c6bb6a/orders 
 path_url=/products/5f33359ffbba920016c6bb6a/orders 
 headers={'User-Agent': 'python-requests/2.24.0', 'Accept-Encoding': 'gzip, deflate', 'Accept': '*/*', 'Connection': 'keep-alive', 'Content-Type': 'application/json', 'user_id': '5f31d51bfbba920016c6bb10', 'Content-Length': '23'} 
 body={"Payment": "Dinheiro"} 
 </msg>
<msg timestamp="20200811 21:31:06.281" level="INFO">POST Response : url=http://ninjachef-api-qaninja-io.umbler.net/products/5f33359ffbba920016c6bb6a/orders 
 status=200, reason=OK 
 body={"_id":"5f3335a3fbba920016c6bb6b","user":{"_id":"5f31d51bfbba920016c6bb10","email":"tony@cliente.com","__v":0},"product":{"_id":"5f33359ffbba920016c6bb6a","user":"5f31d3bafbba920016c6bb0e","thumbnail":"thumbnail-1597191580578","name":"Carne de Jaca louca","plate":"Tipo","price":17,"__v":0,"thumbnail_url":"http://ninjachef-api-qaninja-io.umbler.net/files/thumbnail-1597191580578","id":"5f33359ffbba920016c6bb6a"},"__v":0} 
 </msg>
<msg timestamp="20200811 21:31:06.281" level="INFO">${resp} = &lt;Response [200]&gt;</msg>
<status status="PASS" starttime="20200811 21:31:05.798" endtime="20200811 21:31:06.281"></status>
</kw>
<kw name="Status Should Be" library="RequestsLibrary">
<doc>Fails if response status code is different than the expected.</doc>
<arguments>
<arg>200</arg>
<arg>${resp}</arg>
</arguments>
<status status="PASS" starttime="20200811 21:31:06.282" endtime="20200811 21:31:06.282"></status>
</kw>
<status status="PASS" starttime="20200811 21:31:05.791" endtime="20200811 21:31:06.283"></status>
</kw>
<kw name="Então devo receber um notificação de pedido desse produto" library="kws">
<kw name="Convert To String" library="BuiltIn">
<doc>Converts the given item to a Unicode string.</doc>
<arguments>
<arg>${email_cliente} está solicitando o preparo do seguinte prato: ${produto}.</arg>
</arguments>
<assign>
<var>${mensagem_esperada}</var>
</assign>
<msg timestamp="20200811 21:31:06.288" level="INFO">${mensagem_esperada} = tony@cliente.com está solicitando o preparo do seguinte prato: Carne de Jaca louca.</msg>
<status status="PASS" starttime="20200811 21:31:06.287" endtime="20200811 21:31:06.288"></status>
</kw>
<kw name="Wait Until Page Contains" library="SeleniumLibrary">
<doc>Waits until ``text`` appears on the current page.</doc>
<arguments>
<arg>${mensagem_esperada}</arg>
<arg>15</arg>
</arguments>
<status status="PASS" starttime="20200811 21:31:06.288" endtime="20200811 21:31:06.340"></status>
</kw>
<status status="PASS" starttime="20200811 21:31:06.286" endtime="20200811 21:31:06.340"></status>
</kw>
<kw name="E posso aceitar ou rejeitar esse pedido" library="kws">
<kw name="Wait Until Page Contains" library="SeleniumLibrary">
<doc>Waits until ``text`` appears on the current page.</doc>
<arguments>
<arg>ACEITAR</arg>
</arguments>
<status status="PASS" starttime="20200811 21:31:06.341" endtime="20200811 21:31:06.356"></status>
</kw>
<kw name="Wait Until Page Contains" library="SeleniumLibrary">
<doc>Waits until ``text`` appears on the current page.</doc>
<arguments>
<arg>REJEITAR</arg>
</arguments>
<status status="PASS" starttime="20200811 21:31:06.357" endtime="20200811 21:31:06.371"></status>
</kw>
<status status="PASS" starttime="20200811 21:31:06.341" endtime="20200811 21:31:06.371"></status>
</kw>
<kw name="Close Session" library="base" type="teardown">
<kw name="Capture Page Screenshot" library="SeleniumLibrary">
<doc>Takes a screenshot of the current page and embeds it into a log file.</doc>
<msg timestamp="20200811 21:31:06.691" level="INFO" html="yes">&lt;/td&gt;&lt;/tr&gt;&lt;tr&gt;&lt;td colspan="3"&gt;&lt;a href="selenium-screenshot-19.png"&gt;&lt;img src="selenium-screenshot-19.png" width="800px"&gt;&lt;/a&gt;</msg>
<status status="PASS" starttime="20200811 21:31:06.372" endtime="20200811 21:31:06.692"></status>
</kw>
<kw name="Close Browser" library="SeleniumLibrary">
<doc>Closes the current browser.</doc>
<status status="PASS" starttime="20200811 21:31:06.692" endtime="20200811 21:31:08.997"></status>
</kw>
<status status="PASS" starttime="20200811 21:31:06.372" endtime="20200811 21:31:08.997"></status>
</kw>
<status status="PASS" starttime="20200811 21:30:53.606" endtime="20200811 21:31:08.997" critical="yes"></status>
</test>
<doc>Receber pedidos
Sendo um cozinheiro que possui produtos no dashboard
Quero receber solicitação de preparo dos meus produtos
Para que eu possa envia-los aos meus clientes</doc>
<status status="PASS" starttime="20200811 21:30:53.182" endtime="20200811 21:31:08.999"></status>
</suite>
<statistics>
<total>
<stat pass="1" fail="0">Critical Tests</stat>
<stat pass="1" fail="0">All Tests</stat>
</total>
<tag>
</tag>
<suite>
<stat pass="1" fail="0" id="s1" name="Receber-Pedidos">Receber-Pedidos</stat>
</suite>
</statistics>
<errors>
</errors>
</robot>
